<?xml version="1.0" encoding="UTF-8"?>
<!-- Generated by org.testng.reporters.JUnitReportReporter -->
<testsuite hostname="DESKTOP-GO5J5M6" failures="0" tests="3" name="casesPack.MainRunClass" time="193.879" errors="0" timestamp="2023-12-28T14:40:35 CST" skipped="0">
  <testcase classname="casesPack.MainRunClass" name="BAA_01" time="76.560"/>
  <system-out/>
  <testcase classname="casesPack.MainRunClass" name="BAA_02" time="38.587"/>
  <system-out/>
  <testcase classname="casesPack.MainRunClass" name="BAA_03" time="78.732"/>
  <system-out/>
</testsuite> <!-- casesPack.MainRunClass -->
