<?xml version="1.0" encoding="UTF-8"?>
<!-- Generated by org.testng.reporters.JUnitReportReporter -->
<testsuite hostname="DESKTOP-GO5J5M6" failures="0" tests="9" name="casesPack.MainRunClass" time="326.923" errors="0" timestamp="2023-11-21T09:32:32 CST" skipped="0">
  <testcase classname="casesPack.MainRunClass" name="BAA_01" time="21.431"/>
  <system-out/>
  <testcase classname="casesPack.MainRunClass" name="BAA_01" time="22.170"/>
  <system-out/>
  <testcase classname="casesPack.MainRunClass" name="BAA_01" time="20.648"/>
  <system-out/>
  <testcase classname="casesPack.MainRunClass" name="BAA_02" time="18.323"/>
  <system-out/>
  <testcase classname="casesPack.MainRunClass" name="BAA_02" time="19.813"/>
  <system-out/>
  <testcase classname="casesPack.MainRunClass" name="BAA_02" time="18.976"/>
  <system-out/>
  <testcase classname="casesPack.MainRunClass" name="BAA_03" time="91.359"/>
  <system-out/>
  <testcase classname="casesPack.MainRunClass" name="BAA_03" time="66.203"/>
  <system-out/>
  <testcase classname="casesPack.MainRunClass" name="BAA_03" time="48.000"/>
  <system-out/>
</testsuite> <!-- casesPack.MainRunClass -->
