<?xml version="1.0" encoding="UTF-8"?>
<!-- Generated by org.testng.reporters.JUnitReportReporter -->
<testsuite hostname="DESKTOP-GO5J5M6" failures="0" tests="3" name="casesPack.MainRunClass" time="216.584" errors="0" timestamp="2023-12-19T09:19:46 CST" skipped="0">
  <testcase classname="casesPack.MainRunClass" name="BAA_01" time="72.565"/>
  <system-out/>
  <testcase classname="casesPack.MainRunClass" name="BAA_02" time="44.280"/>
  <system-out/>
  <testcase classname="casesPack.MainRunClass" name="BAA_03" time="99.739"/>
  <system-out/>
</testsuite> <!-- casesPack.MainRunClass -->
