<?xml version="1.0" encoding="UTF-8"?>
<!-- Generated by org.testng.reporters.JUnitReportReporter -->
<testsuite hostname="DESKTOP-GO5J5M6" failures="0" tests="9" name="casesPack.MainRunClass" time="400.601" errors="0" timestamp="2023-11-29T14:09:51 CST" skipped="0">
  <testcase classname="casesPack.MainRunClass" name="BAA_01" time="37.808"/>
  <system-out/>
  <testcase classname="casesPack.MainRunClass" name="BAA_01" time="37.646"/>
  <system-out/>
  <testcase classname="casesPack.MainRunClass" name="BAA_01" time="35.390"/>
  <system-out/>
  <testcase classname="casesPack.MainRunClass" name="BAA_02" time="26.089"/>
  <system-out/>
  <testcase classname="casesPack.MainRunClass" name="BAA_02" time="26.933"/>
  <system-out/>
  <testcase classname="casesPack.MainRunClass" name="BAA_02" time="24.244"/>
  <system-out/>
  <testcase classname="casesPack.MainRunClass" name="BAA_03" time="78.040"/>
  <system-out/>
  <testcase classname="casesPack.MainRunClass" name="BAA_03" time="60.957"/>
  <system-out/>
  <testcase classname="casesPack.MainRunClass" name="BAA_03" time="73.494"/>
  <system-out/>
</testsuite> <!-- casesPack.MainRunClass -->
