<?xml version="1.0" encoding="UTF-8"?>
<!-- Generated by org.testng.reporters.JUnitReportReporter -->
<testsuite hostname="DESKTOP-GO5J5M6" failures="0" tests="3" name="casesPack.MainRunClass" time="217.139" errors="0" timestamp="2023-12-20T16:48:22 CST" skipped="0">
  <testcase classname="casesPack.MainRunClass" name="BAA_02" time="42.618"/>
  <system-out/>
  <testcase classname="casesPack.MainRunClass" name="BAA_03" time="98.933"/>
  <system-out/>
  <testcase classname="casesPack.MainRunClass" name="BAA_01" time="75.588"/>
  <system-out/>
</testsuite> <!-- casesPack.MainRunClass -->
