<?xml version="1.0" encoding="UTF-8"?>
<!-- Generated by org.testng.reporters.JUnitReportReporter -->
<testsuite hostname="DESKTOP-GO5J5M6" failures="0" tests="3" name="casesPack.MainRunClass" time="123.771" errors="0" timestamp="2024-01-03T14:25:19 CST" skipped="0">
  <testcase classname="casesPack.MainRunClass" name="BAA_01" time="45.235"/>
  <system-out/>
  <testcase classname="casesPack.MainRunClass" name="BAA_02" time="20.670"/>
  <system-out/>
  <testcase classname="casesPack.MainRunClass" name="BAA_03" time="57.866"/>
  <system-out/>
</testsuite> <!-- casesPack.MainRunClass -->
