<?xml version="1.0" encoding="UTF-8"?>
<!-- Generated by org.testng.reporters.JUnitReportReporter -->
<testsuite hostname="DESKTOP-GO5J5M6" failures="0" tests="3" name="casesPack.MainRunClass" time="301.230" errors="0" timestamp="2023-12-21T07:50:46 CST" skipped="0">
  <testcase classname="casesPack.MainRunClass" name="BAA_01" time="103.159"/>
  <system-out/>
  <testcase classname="casesPack.MainRunClass" name="BAA_02" time="63.248"/>
  <system-out/>
  <testcase classname="casesPack.MainRunClass" name="BAA_03" time="134.823"/>
  <system-out/>
</testsuite> <!-- casesPack.MainRunClass -->
