<?xml version="1.0" encoding="UTF-8"?>
<!-- Generated by org.testng.reporters.JUnitReportReporter -->
<testsuite hostname="DESKTOP-GO5J5M6" failures="0" tests="3" name="casesPack.MainRunClass" time="166.133" errors="0" timestamp="2023-12-27T07:56:24 CST" skipped="0">
  <testcase classname="casesPack.MainRunClass" name="BAA_03" time="80.585"/>
  <system-out/>
  <testcase classname="casesPack.MainRunClass" name="BAA_01" time="56.876"/>
  <system-out/>
  <testcase classname="casesPack.MainRunClass" name="BAA_02" time="28.672"/>
  <system-out/>
</testsuite> <!-- casesPack.MainRunClass -->
