<?xml version="1.0" encoding="UTF-8"?>
<!-- Generated by org.testng.reporters.JUnitReportReporter -->
<testsuite hostname="DESKTOP-GO5J5M6" failures="0" tests="3" name="casesPack.MainRunClass" time="139.898" errors="0" timestamp="2024-01-03T00:39:36 CST" skipped="0">
  <testcase classname="casesPack.MainRunClass" name="BAA_01" time="56.580"/>
  <system-out/>
  <testcase classname="casesPack.MainRunClass" name="BAA_02" time="22.435"/>
  <system-out/>
  <testcase classname="casesPack.MainRunClass" name="BAA_03" time="60.883"/>
  <system-out/>
</testsuite> <!-- casesPack.MainRunClass -->
