<?xml version="1.0" encoding="UTF-8"?>
<!-- Generated by org.testng.reporters.JUnitReportReporter -->
<testsuite hostname="DESKTOP-GO5J5M6" failures="0" tests="1" name="casesPack.MainRunClass" time="101.650" errors="0" timestamp="2023-12-18T11:45:15 CST" skipped="0">
  <testcase classname="casesPack.MainRunClass" name="BAA_03" time="101.650"/>
  <system-out/>
</testsuite> <!-- casesPack.MainRunClass -->
