<?xml version="1.0" encoding="UTF-8"?>
<!-- Generated by org.testng.reporters.JUnitReportReporter -->
<testsuite hostname="DESKTOP-GO5J5M6" failures="0" tests="1" name="casesPack.BAA_01" time="73.873" errors="0" timestamp="2023-12-27T19:02:43 CST" skipped="0">
  <testcase classname="casesPack.BAA_01" name="BAA01" time="73.873"/>
  <system-out/>
</testsuite> <!-- casesPack.BAA_01 -->
