<?xml version="1.0" encoding="UTF-8"?>
<!-- Generated by org.testng.reporters.JUnitReportReporter -->
<testsuite hostname="DESKTOP-GO5J5M6" failures="0" tests="3" name="casesPack.MainRunClass" time="148.968" errors="0" timestamp="2023-12-28T09:25:24 CST" skipped="0">
  <testcase classname="casesPack.MainRunClass" name="BAA_01" time="54.178"/>
  <system-out/>
  <testcase classname="casesPack.MainRunClass" name="BAA_02" time="27.363"/>
  <system-out/>
  <testcase classname="casesPack.MainRunClass" name="BAA_03" time="67.427"/>
  <system-out/>
</testsuite> <!-- casesPack.MainRunClass -->
