<?xml version="1.0" encoding="UTF-8"?>
<!-- Generated by org.testng.reporters.JUnitReportReporter -->
<testsuite hostname="DESKTOP-GO5J5M6" failures="0" tests="3" name="casesPack.MainRunClass" time="273.915" errors="0" timestamp="2023-12-18T16:32:24 CST" skipped="0">
  <testcase classname="casesPack.MainRunClass" name="BAA_01" time="82.426"/>
  <system-out/>
  <testcase classname="casesPack.MainRunClass" name="BAA_03" time="128.309"/>
  <system-out/>
  <testcase classname="casesPack.MainRunClass" name="BAA_02" time="63.180"/>
  <system-out/>
</testsuite> <!-- casesPack.MainRunClass -->
