<?xml version="1.0" encoding="UTF-8"?>
<!-- Generated by org.testng.reporters.JUnitReportReporter -->
<testsuite hostname="DESKTOP-GO5J5M6" failures="0" tests="9" name="casesPack.MainRunClass" time="350.536" errors="0" timestamp="2023-11-22T12:10:24 CST" skipped="0">
  <testcase classname="casesPack.MainRunClass" name="BAA_01" time="33.941"/>
  <system-out/>
  <testcase classname="casesPack.MainRunClass" name="BAA_01" time="33.205"/>
  <system-out/>
  <testcase classname="casesPack.MainRunClass" name="BAA_01" time="33.113"/>
  <system-out/>
  <testcase classname="casesPack.MainRunClass" name="BAA_02" time="23.989"/>
  <system-out/>
  <testcase classname="casesPack.MainRunClass" name="BAA_02" time="22.519"/>
  <system-out/>
  <testcase classname="casesPack.MainRunClass" name="BAA_02" time="28.664"/>
  <system-out/>
  <testcase classname="casesPack.MainRunClass" name="BAA_03" time="58.181"/>
  <system-out/>
  <testcase classname="casesPack.MainRunClass" name="BAA_03" time="59.852"/>
  <system-out/>
  <testcase classname="casesPack.MainRunClass" name="BAA_03" time="57.072"/>
  <system-out/>
</testsuite> <!-- casesPack.MainRunClass -->
