<?xml version="1.0" encoding="UTF-8"?>
<!-- Generated by org.testng.reporters.JUnitReportReporter -->
<testsuite hostname="DESKTOP-GO5J5M6" failures="0" tests="3" name="casesPack.MainRunClass" time="231.800" errors="0" timestamp="2023-12-22T16:10:02 CST" skipped="0">
  <testcase classname="casesPack.MainRunClass" name="BAA_03" time="102.937"/>
  <system-out/>
  <testcase classname="casesPack.MainRunClass" name="BAA_01" time="84.314"/>
  <system-out/>
  <testcase classname="casesPack.MainRunClass" name="BAA_02" time="44.549"/>
  <system-out/>
</testsuite> <!-- casesPack.MainRunClass -->
