<?xml version="1.0" encoding="UTF-8"?>
<!-- Generated by org.testng.reporters.JUnitReportReporter -->
<testsuite hostname="DESKTOP-GO5J5M6" failures="0" tests="3" name="casesPack.MainRunClass" time="279.980" errors="0" timestamp="2023-12-19T17:30:13 CST" skipped="0">
  <testcase classname="casesPack.MainRunClass" name="BAA_01" time="105.737"/>
  <system-out/>
  <testcase classname="casesPack.MainRunClass" name="BAA_03" time="126.730"/>
  <system-out/>
  <testcase classname="casesPack.MainRunClass" name="BAA_02" time="47.513"/>
  <system-out/>
</testsuite> <!-- casesPack.MainRunClass -->
