<?xml version="1.0" encoding="UTF-8"?>
<!-- Generated by org.testng.reporters.JUnitReportReporter -->
<testsuite hostname="DESKTOP-GO5J5M6" failures="0" tests="2" name="casesPack.BAA_01" time="120.554" errors="0" timestamp="2023-12-27T09:24:57 CST" skipped="0">
  <testcase classname="casesPack.BAA_01" name="BAA01" time="84.294"/>
  <system-out/>
  <testcase classname="casesPack.BAA_01" name="BAA02" time="36.260"/>
  <system-out/>
</testsuite> <!-- casesPack.BAA_01 -->
