<?xml version="1.0" encoding="UTF-8"?>
<!-- Generated by org.testng.reporters.JUnitReportReporter -->
<testsuite hostname="DESKTOP-GO5J5M6" failures="0" tests="1" name="casesPack.BAA_03" time="64.702" errors="0" timestamp="2023-12-27T09:24:57 CST" skipped="0">
  <testcase classname="casesPack.BAA_03" name="BAA03" time="64.702"/>
  <system-out/>
</testsuite> <!-- casesPack.BAA_03 -->
